# JRE version: OpenJDK Runtime Environment (11.0.15) (build 11.0.15+0-b2043.56-9505619)
# Java VM: OpenJDK 64-Bit Server VM (11.0.15+0-b2043.56-9505619, mixed mode, tiered, compressed oops, g1 gc, windows-amd64)
Heap:
 garbage-first heap   total 96256K, used 19033K [0x00000000a0000000, 0x0000000100000000)
  region size 1024K, 6 young (6144K), 2 survivors (2048K)
 Metaspace       used 21345K, capacity 21896K, committed 22192K, reserved 1069056K
  class space    used 2566K, capacity 2751K, committed 2816K, reserved 1048576K
GC Heap History (6 events):
Event: 0.837 GC heap before
{Heap before GC invocations=0 (full 0):
 garbage-first heap   total 96256K, used 29696K [0x00000000a0000000, 0x0000000100000000)
  region size 1024K, 24 young (24576K), 0 survivors (0K)
 Metaspace       used 10788K, capacity 11010K, committed 11264K, reserved 1058816K
  class space    used 1121K, capacity 1202K, committed 1280K, reserved 1048576K
}
Event: 0.842 GC heap after
{Heap after GC invocations=1 (full 0):
 garbage-first heap   total 96256K, used 8649K [0x00000000a0000000, 0x0000000100000000)
  region size 1024K, 3 young (3072K), 3 survivors (3072K)
 Metaspace       used 10788K, capacity 11010K, committed 11264K, reserved 1058816K
  class space    used 1121K, capacity 1202K, committed 1280K, reserved 1048576K
}
Event: 1.998 GC heap before
{Heap before GC invocations=1 (full 0):
 garbage-first heap   total 96256K, used 62921K [0x00000000a0000000, 0x0000000100000000)
  region size 1024K, 56 young (57344K), 3 survivors (3072K)
 Metaspace       used 17260K, capacity 17723K, committed 17792K, reserved 1064960K
  class space    used 2002K, capacity 2143K, committed 2176K, reserved 1048576K
}
Event: 2.003 GC heap after
{Heap after GC invocations=2 (full 0):
 garbage-first heap   total 96256K, used 15032K [0x00000000a0000000, 0x0000000100000000)
  region size 1024K, 7 young (7168K), 7 survivors (7168K)
 Metaspace       used 17260K, capacity 17723K, committed 17792K, reserved 1064960K
  class space    used 2002K, capacity 2143K, committed 2176K, reserved 1048576K
}
Event: 2.349 GC heap before
{Heap before GC invocations=2 (full 0):
 garbage-first heap   total 96256K, used 40632K [0x00000000a0000000, 0x0000000100000000)
  region size 1024K, 34 young (34816K), 7 survivors (7168K)
 Metaspace       used 20765K, capacity 21193K, committed 21296K, reserved 1069056K
  class space    used 2476K, capacity 2640K, committed 2688K, reserved 1048576K
}
Event: 2.354 GC heap after
{Heap after GC invocations=3 (full 0):
 garbage-first heap   total 96256K, used 15961K [0x00000000a0000000, 0x0000000100000000)
  region size 1024K, 2 young (2048K), 2 survivors (2048K)
 Metaspace       used 20765K, capacity 21193K, committed 21296K, reserved 1069056K
  class space    used 2476K, capacity 2640K, committed 2688K, reserved 1048576K
}

